0 info it worked if it ends with ok
1 verbose cli [ 'C:\\Program Files (x86)\\nodejs\\node.exe',
1 verbose cli   'C:\\Program Files (x86)\\nodejs\\node_modules\\npm\\bin\\npm-cli.js',
1 verbose cli   'install',
1 verbose cli   'angular-route@X.Y.Z',
1 verbose cli   '--save' ]
2 info using npm@2.15.0
3 info using node@v4.4.2
4 verbose install initial load of C:\users\alexis\desktop\grandcircus\qLineFinalDemo\package.json
5 warn package.json qline-project@0.0.1 No README data
6 verbose installManyTop reading scoped package data from C:\users\alexis\desktop\grandcircus\qLineFinalDemo\node_modules\angular\package.json
7 verbose installManyTop reading scoped package data from C:\users\alexis\desktop\grandcircus\qLineFinalDemo\node_modules\browser-sync\package.json
8 verbose installManyTop reading scoped package data from C:\users\alexis\desktop\grandcircus\qLineFinalDemo\node_modules\gulp\package.json
9 verbose installManyTop reading scoped package data from C:\users\alexis\desktop\grandcircus\qLineFinalDemo\node_modules\gulp-jshint\package.json
10 verbose installManyTop reading scoped package data from C:\users\alexis\desktop\grandcircus\qLineFinalDemo\node_modules\jshint\package.json
11 verbose installManyTop reading scoped package data from C:\users\alexis\desktop\grandcircus\qLineFinalDemo\node_modules\save\package.json
12 verbose readDependencies loading dependencies from C:\users\alexis\desktop\grandcircus\qLineFinalDemo\package.json
13 silly cache add args [ 'angular-route@X.Y.Z', null ]
14 verbose cache add spec angular-route@X.Y.Z
15 silly cache add parsed spec Result {
15 silly cache add   raw: 'angular-route@X.Y.Z',
15 silly cache add   scope: null,
15 silly cache add   name: 'angular-route',
15 silly cache add   rawSpec: 'X.Y.Z',
15 silly cache add   spec: 'X.Y.Z',
15 silly cache add   type: 'tag' }
16 silly addNamed angular-route@X.Y.Z
17 verbose addNamed "X.Y.Z" is being treated as a dist-tag for angular-route
18 info addNameTag [ 'angular-route', 'X.Y.Z' ]
19 silly mapToRegistry name angular-route
20 silly mapToRegistry using default registry
21 silly mapToRegistry registry https://registry.npmjs.org/
22 silly mapToRegistry data Result {
22 silly mapToRegistry   raw: 'angular-route',
22 silly mapToRegistry   scope: null,
22 silly mapToRegistry   name: 'angular-route',
22 silly mapToRegistry   rawSpec: '',
22 silly mapToRegistry   spec: 'latest',
22 silly mapToRegistry   type: 'tag' }
23 silly mapToRegistry uri https://registry.npmjs.org/angular-route
24 verbose addNameTag registry:https://registry.npmjs.org/angular-route not in flight; fetching
25 verbose request uri https://registry.npmjs.org/angular-route
26 verbose request no auth needed
27 info attempt registry request try #1 at 3:08:33 PM
28 verbose request id 7565a304561fa799
29 http request GET https://registry.npmjs.org/angular-route
30 http 200 https://registry.npmjs.org/angular-route
31 verbose headers { server: 'CouchDB/1.5.0 (Erlang OTP/R16B03)',
31 verbose headers   etag: '"9G12HEWB084YFCSADV7GMIW1S"',
31 verbose headers   'content-type': 'application/json',
31 verbose headers   'content-encoding': 'gzip',
31 verbose headers   'cache-control': 'max-age=300',
31 verbose headers   'content-length': '9214',
31 verbose headers   'accept-ranges': 'bytes',
31 verbose headers   date: 'Fri, 20 May 2016 19:08:30 GMT',
31 verbose headers   via: '1.1 varnish',
31 verbose headers   age: '0',
31 verbose headers   connection: 'keep-alive',
31 verbose headers   'x-served-by': 'cache-dfw1846-DFW',
31 verbose headers   'x-cache': 'HIT',
31 verbose headers   'x-cache-hits': '1',
31 verbose headers   'x-timer': 'S1463771310.386280,VS0,VE248',
31 verbose headers   vary: 'Accept-Encoding' }
32 silly get cb [ 200,
32 silly get   { server: 'CouchDB/1.5.0 (Erlang OTP/R16B03)',
32 silly get     etag: '"9G12HEWB084YFCSADV7GMIW1S"',
32 silly get     'content-type': 'application/json',
32 silly get     'content-encoding': 'gzip',
32 silly get     'cache-control': 'max-age=300',
32 silly get     'content-length': '9214',
32 silly get     'accept-ranges': 'bytes',
32 silly get     date: 'Fri, 20 May 2016 19:08:30 GMT',
32 silly get     via: '1.1 varnish',
32 silly get     age: '0',
32 silly get     connection: 'keep-alive',
32 silly get     'x-served-by': 'cache-dfw1846-DFW',
32 silly get     'x-cache': 'HIT',
32 silly get     'x-cache-hits': '1',
32 silly get     'x-timer': 'S1463771310.386280,VS0,VE248',
32 silly get     vary: 'Accept-Encoding' } ]
33 verbose get saving angular-route to C:\Users\Alexis\AppData\Roaming\npm-cache\registry.npmjs.org\angular-route\.cache.json
34 verbose correctMkdir C:\Users\Alexis\AppData\Roaming\npm-cache correctMkdir not in flight; initializing
35 silly addNameTag next cb for angular-route with tag X.Y.Z
36 verbose stack Error: No compatible version found: angular-route@'X.Y.Z'
36 verbose stack Valid install targets:
36 verbose stack ["1.2.17-build.163.1","1.3.0-rc.5","1.3.0","1.3.1","1.3.2","1.3.3","1.3.4-build.3588","1.2.27","1.3.4","1.3.5","1.3.6","1.3.7","1.2.28","1.3.8","1.4.0-beta.0","1.3.9","1.3.10","1.4.0-beta.1","1.4.0-beta.2","1.3.11","1.4.0-beta.3","1.3.12","1.3.13","1.4.0-beta.4","1.3.14","1.4.0-beta.5","1.4.0-beta.6","1.3.15","1.4.0-rc.0","1.4.0-rc.1","1.4.0-rc.2","1.4.0","1.3.16","1.4.1","1.4.2","1.3.17","1.4.3","1.4.4","1.3.18","1.4.5","1.3.19","1.4.6","1.5.0-beta.0","1.2.29","1.3.20","1.4.7","1.5.0-beta.2","1.4.8","1.5.0-rc.0","1.5.0-rc.1","1.4.9","1.5.0-rc.2","1.5.0","1.5.1","1.4.10","1.5.2","1.5.3","1.5.5"]
36 verbose stack
36 verbose stack     at installTargetsError (C:\Program Files (x86)\nodejs\node_modules\npm\lib\cache\add-named.js:284:12)
36 verbose stack     at next (C:\Program Files (x86)\nodejs\node_modules\npm\lib\cache\add-named.js:94:10)
36 verbose stack     at RES (C:\Program Files (x86)\nodejs\node_modules\npm\node_modules\inflight\inflight.js:23:14)
36 verbose stack     at f (C:\Program Files (x86)\nodejs\node_modules\npm\node_modules\once\once.js:17:25)
36 verbose stack     at fixName (C:\Program Files (x86)\nodejs\node_modules\npm\lib\cache\add-named.js:29:5)
36 verbose stack     at saved (C:\Program Files (x86)\nodejs\node_modules\npm\lib\cache\caching-client.js:173:7)
36 verbose stack     at C:\Program Files (x86)\nodejs\node_modules\npm\node_modules\graceful-fs\polyfills.js:210:7
36 verbose stack     at FSReqWrap.oncomplete (fs.js:82:15)
37 verbose cwd C:\users\alexis\desktop\grandcircus\qLineFinalDemo
38 error Windows_NT 10.0.10586
39 error argv "C:\\Program Files (x86)\\nodejs\\node.exe" "C:\\Program Files (x86)\\nodejs\\node_modules\\npm\\bin\\npm-cli.js" "install" "angular-route@X.Y.Z" "--save"
40 error node v4.4.2
41 error npm  v2.15.0
42 error code ETARGET
43 error notarget No compatible version found: angular-route@'X.Y.Z'
43 error notarget Valid install targets:
43 error notarget ["1.2.17-build.163.1","1.3.0-rc.5","1.3.0","1.3.1","1.3.2","1.3.3","1.3.4-build.3588","1.2.27","1.3.4","1.3.5","1.3.6","1.3.7","1.2.28","1.3.8","1.4.0-beta.0","1.3.9","1.3.10","1.4.0-beta.1","1.4.0-beta.2","1.3.11","1.4.0-beta.3","1.3.12","1.3.13","1.4.0-beta.4","1.3.14","1.4.0-beta.5","1.4.0-beta.6","1.3.15","1.4.0-rc.0","1.4.0-rc.1","1.4.0-rc.2","1.4.0","1.3.16","1.4.1","1.4.2","1.3.17","1.4.3","1.4.4","1.3.18","1.4.5","1.3.19","1.4.6","1.5.0-beta.0","1.2.29","1.3.20","1.4.7","1.5.0-beta.2","1.4.8","1.5.0-rc.0","1.5.0-rc.1","1.4.9","1.5.0-rc.2","1.5.0","1.5.1","1.4.10","1.5.2","1.5.3","1.5.5"]
43 error notarget
43 error notarget This is most likely not a problem with npm itself.
43 error notarget In most cases you or one of your dependencies are requesting
43 error notarget a package version that doesn't exist.
43 error notarget
43 error notarget It was specified as a dependency of 'qline-project'
44 verbose exit [ 1, true ]
